{"level":"info","message":"Server is running on port 5000","timestamp":"2025-01-08T10:39:58.136Z"}
{"level":"info","message":"Server is running on port 5000","timestamp":"2025-01-08T10:40:02.462Z"}
{"level":"info","message":"Server is running on port 5000","timestamp":"2025-01-08T10:40:58.750Z"}
{"level":"info","message":"Server is running on port 5000","timestamp":"2025-01-08T10:41:07.462Z"}
{"level":"info","message":"Retrieving all tasks","timestamp":"2025-01-08T10:41:09.839Z"}
{"level":"info","message":"Server is running on port 5000","timestamp":"2025-01-08T12:52:15.959Z"}
{"level":"info","message":"Executing query:","timestamp":"2025-01-08T13:01:57.866Z"}
{"level":"info","message":"Executing query:","timestamp":"2025-01-08T13:01:58.022Z"}
{"level":"info","message":"Executing query:","timestamp":"2025-01-08T13:02:04.221Z"}
{"level":"info","message":"Executing query:","timestamp":"2025-01-08T13:02:20.292Z"}
{"level":"info","message":"Server is running on port 5000","timestamp":"2025-01-08T13:03:28.633Z"}
{"level":"info","message":"Server is running on port 5000","timestamp":"2025-01-08T13:05:00.410Z"}
{"level":"info","message":"Server is running on port 5000","timestamp":"2025-01-08T13:05:02.243Z"}
{"level":"info","message":"Server is running on port 5000","timestamp":"2025-01-08T13:05:07.962Z"}
{"level":"info","message":"Server is running on port 5000","timestamp":"2025-01-08T13:08:07.482Z"}
{"level":"info","message":"Server is running on port 5000","timestamp":"2025-01-08T14:40:22.912Z"}
{"level":"info","message":"Server is running on port 5000","timestamp":"2025-01-08T14:46:27.512Z"}
{"level":"info","message":"Server is running on port 5000","timestamp":"2025-01-08T14:46:53.061Z"}
{"level":"info","message":"Server is running on port 5000","timestamp":"2025-01-08T14:48:12.123Z"}
{"level":"info","message":"Server is running on port 5000","timestamp":"2025-01-08T14:48:37.591Z"}
{"level":"info","message":"Server is running on port 5000","timestamp":"2025-01-08T14:49:11.962Z"}
{"level":"info","message":"Server is running on port 5000","timestamp":"2025-01-08T14:49:14.994Z"}
{"level":"info","message":"Server is running on port 5000","timestamp":"2025-01-08T14:50:31.929Z"}
{"level":"info","message":"Server is running on port 5000","timestamp":"2025-01-08T15:23:36.850Z"}
{"level":"info","message":"Server is running on port 5000","timestamp":"2025-01-08T15:29:33.148Z"}
{"level":"info","message":"Server is running on port 5000","timestamp":"2025-01-08T15:29:37.658Z"}
{"level":"info","message":"Server is running on port 5000","timestamp":"2025-01-08T15:32:12.216Z"}
{"level":"info","message":"Server is running on port 5000","timestamp":"2025-01-08T15:33:47.365Z"}
{"level":"info","message":"Server is running on port 5000","timestamp":"2025-01-08T15:33:51.369Z"}
{"level":"info","message":"Server is running on port 5000","timestamp":"2025-01-08T15:33:58.322Z"}
{"level":"info","message":"Server is running on port 5000","timestamp":"2025-01-08T15:37:25.788Z"}
{"level":"info","message":"Server is running on port 5000","timestamp":"2025-01-08T15:38:46.455Z"}
{"level":"info","message":"Server is running on port 5000","timestamp":"2025-01-08T15:40:22.205Z"}
{"level":"info","message":"Server is running on port 5000","timestamp":"2025-01-08T15:40:36.108Z"}
{"level":"info","message":"Server is running on port 5000","timestamp":"2025-01-08T15:40:45.116Z"}
{"level":"info","message":"Server is running on port 5000","timestamp":"2025-01-08T15:41:51.947Z"}
{"level":"info","message":"Server is running on port 5000","timestamp":"2025-01-08T15:41:57.586Z"}
{"level":"info","message":"Server is running on port 5000","timestamp":"2025-01-08T15:42:29.110Z"}
{"level":"info","message":"Server is running on port 5000","timestamp":"2025-01-08T15:42:34.885Z"}
{"level":"info","message":"Server is running on port 5000","timestamp":"2025-01-08T15:42:36.786Z"}
{"level":"info","message":"Server is running on port 5000","timestamp":"2025-01-08T15:43:07.780Z"}
{"level":"info","message":"Server is running on port 5000","timestamp":"2025-01-08T15:44:02.250Z"}
{"level":"info","message":"Server is running on port 5000","timestamp":"2025-01-08T15:58:03.002Z"}
{"level":"info","message":"Server is running on port 5000","timestamp":"2025-01-08T15:58:19.928Z"}
{"level":"info","message":"Server is running on port 5000","timestamp":"2025-01-08T16:00:57.056Z"}
{"level":"info","message":"Server is running on port 5000","timestamp":"2025-01-08T16:01:24.442Z"}
{"level":"info","message":"Server is running on port 5000","timestamp":"2025-01-08T16:01:28.630Z"}
{"level":"info","message":"Server is running on port 5000","timestamp":"2025-01-08T16:01:56.357Z"}
{"level":"info","message":"Server is running on port 5000","timestamp":"2025-01-08T16:02:46.757Z"}
{"level":"info","message":"Server is running on port 5000","timestamp":"2025-01-08T16:02:53.194Z"}
{"level":"info","message":"Server is running on port 5000","timestamp":"2025-01-08T16:02:59.063Z"}
{"level":"info","message":"Server is running on port 5000","timestamp":"2025-01-08T16:03:06.983Z"}
{"level":"info","message":"Server is running on port 5000","timestamp":"2025-01-08T16:39:08.380Z"}
{"level":"info","message":"Server is running on port 5000","timestamp":"2025-01-08T17:14:19.909Z"}
{"code":"23514","constraint":"users_role_check","detail":"Failing row contains (357, Test User, Staff, null, 2025-01-09 00:14:20.157761).","file":"execMain.c","length":250,"level":"error","line":"2063","message":"Error adding user: new row for relation \"users\" violates check constraint \"users_role_check\"","name":"error","routine":"ExecConstraints","schema":"public","severity":"ERROR","stack":"error: new row for relation \"users\" violates check constraint \"users_role_check\"\n    at /home/fariz/tmp/senior-engingeer-todo-feature/backend/node_modules/pg-pool/index.js:45:11\n    at processTicksAndRejections (node:internal/process/task_queues:105:5)\n    at /home/fariz/tmp/senior-engingeer-todo-feature/backend/src/index.ts:484:20","table":"users","timestamp":"2025-01-08T17:14:20.186Z"}
{"level":"info","message":"Executing query:","timestamp":"2025-01-08T17:14:20.243Z"}
{"level":"info","message":"Executing query:","timestamp":"2025-01-08T17:14:20.273Z"}
{"code":"22P02","file":"numutils.c","length":152,"level":"error","line":"617","message":"Error updating user: invalid input syntax for type integer: \"undefined\"","name":"error","routine":"pg_strtoint32_safe","severity":"ERROR","stack":"error: invalid input syntax for type integer: \"undefined\"\n    at /home/fariz/tmp/senior-engingeer-todo-feature/backend/node_modules/pg-pool/index.js:45:11\n    at processTicksAndRejections (node:internal/process/task_queues:105:5)\n    at /home/fariz/tmp/senior-engingeer-todo-feature/backend/src/index.ts:553:20","timestamp":"2025-01-08T17:14:20.301Z","where":"unnamed portal parameter $4 = '...'"}
{"created_at":"2025-01-08T17:14:20.335Z","id":427,"level":"info","message":"Patient created:","name":"Test Patient","timestamp":"2025-01-08T17:14:20.338Z"}
{"level":"info","message":"Executing query:","timestamp":"2025-01-08T17:14:20.349Z"}
{"level":"info","message":"Retrieving all tasks","timestamp":"2025-01-08T17:14:20.412Z"}
{"code":"42703","file":"parse_relation.c","length":108,"level":"error","line":"3722","message":"Error fetching resources: column \"url_link\" does not exist","name":"error","position":"28","routine":"errorMissingColumn","severity":"ERROR","stack":"error: column \"url_link\" does not exist\n    at /home/fariz/tmp/senior-engingeer-todo-feature/backend/node_modules/pg-pool/index.js:45:11\n    at processTicksAndRejections (node:internal/process/task_queues:105:5)\n    at /home/fariz/tmp/senior-engingeer-todo-feature/backend/src/index.ts:187:20","timestamp":"2025-01-08T17:14:20.459Z"}
{"level":"info","message":"deleting user with id: undefined","timestamp":"2025-01-08T17:14:20.667Z"}
{"code":"22P02","file":"numutils.c","length":152,"level":"error","line":"617","message":"Error deleting user: invalid input syntax for type integer: \"undefined\"","name":"error","routine":"pg_strtoint32_safe","severity":"ERROR","stack":"error: invalid input syntax for type integer: \"undefined\"\n    at /home/fariz/tmp/senior-engingeer-todo-feature/backend/node_modules/pg-pool/index.js:45:11\n    at processTicksAndRejections (node:internal/process/task_queues:105:5)\n    at /home/fariz/tmp/senior-engingeer-todo-feature/backend/src/index.ts:582:20","timestamp":"2025-01-08T17:14:20.679Z","where":"unnamed portal parameter $1 = '...'"}
{"level":"info","message":"deleting user with id: 358","timestamp":"2025-01-08T17:14:20.697Z"}
{"level":"info","message":"Server is running on port 5000","timestamp":"2025-01-08T17:14:41.920Z"}
{"code":"23514","constraint":"users_role_check","detail":"Failing row contains (359, Test User, Staff, null, 2025-01-09 00:14:42.007863).","file":"execMain.c","length":250,"level":"error","line":"2063","message":"Error adding user: new row for relation \"users\" violates check constraint \"users_role_check\"","name":"error","routine":"ExecConstraints","schema":"public","severity":"ERROR","stack":"error: new row for relation \"users\" violates check constraint \"users_role_check\"\n    at /home/fariz/tmp/senior-engingeer-todo-feature/backend/node_modules/pg-pool/index.js:45:11\n    at processTicksAndRejections (node:internal/process/task_queues:105:5)\n    at /home/fariz/tmp/senior-engingeer-todo-feature/backend/src/index.ts:484:20","table":"users","timestamp":"2025-01-08T17:14:42.029Z"}
{"level":"info","message":"Executing query:","timestamp":"2025-01-08T17:14:42.101Z"}
{"level":"info","message":"Executing query:","timestamp":"2025-01-08T17:14:42.123Z"}
{"code":"22P02","file":"numutils.c","length":152,"level":"error","line":"617","message":"Error updating user: invalid input syntax for type integer: \"undefined\"","name":"error","routine":"pg_strtoint32_safe","severity":"ERROR","stack":"error: invalid input syntax for type integer: \"undefined\"\n    at /home/fariz/tmp/senior-engingeer-todo-feature/backend/node_modules/pg-pool/index.js:45:11\n    at processTicksAndRejections (node:internal/process/task_queues:105:5)\n    at /home/fariz/tmp/senior-engingeer-todo-feature/backend/src/index.ts:553:20","timestamp":"2025-01-08T17:14:42.152Z","where":"unnamed portal parameter $4 = '...'"}
{"created_at":"2025-01-08T17:14:42.195Z","id":428,"level":"info","message":"Patient created:","name":"Test Patient","timestamp":"2025-01-08T17:14:42.198Z"}
{"level":"info","message":"Executing query:","timestamp":"2025-01-08T17:14:42.214Z"}
{"level":"info","message":"Retrieving all tasks","timestamp":"2025-01-08T17:14:42.287Z"}
{"code":"42703","file":"parse_relation.c","length":108,"level":"error","line":"3722","message":"Error fetching resources: column \"url_link\" does not exist","name":"error","position":"28","routine":"errorMissingColumn","severity":"ERROR","stack":"error: column \"url_link\" does not exist\n    at /home/fariz/tmp/senior-engingeer-todo-feature/backend/node_modules/pg-pool/index.js:45:11\n    at processTicksAndRejections (node:internal/process/task_queues:105:5)\n    at /home/fariz/tmp/senior-engingeer-todo-feature/backend/src/index.ts:187:20","timestamp":"2025-01-08T17:14:42.329Z"}
{"level":"info","message":"deleting user with id: undefined","timestamp":"2025-01-08T17:14:42.451Z"}
{"code":"22P02","file":"numutils.c","length":152,"level":"error","line":"617","message":"Error deleting user: invalid input syntax for type integer: \"undefined\"","name":"error","routine":"pg_strtoint32_safe","severity":"ERROR","stack":"error: invalid input syntax for type integer: \"undefined\"\n    at /home/fariz/tmp/senior-engingeer-todo-feature/backend/node_modules/pg-pool/index.js:45:11\n    at processTicksAndRejections (node:internal/process/task_queues:105:5)\n    at /home/fariz/tmp/senior-engingeer-todo-feature/backend/src/index.ts:582:20","timestamp":"2025-01-08T17:14:42.458Z","where":"unnamed portal parameter $1 = '...'"}
{"level":"info","message":"deleting user with id: 360","timestamp":"2025-01-08T17:14:42.470Z"}
{"level":"info","message":"Server is running on port 5000","timestamp":"2025-01-08T17:16:42.710Z"}
{"code":"23514","constraint":"users_role_check","detail":"Failing row contains (361, Test User, Staff, null, 2025-01-09 00:16:42.797333).","file":"execMain.c","length":250,"level":"error","line":"2063","message":"Error adding user: new row for relation \"users\" violates check constraint \"users_role_check\"","name":"error","routine":"ExecConstraints","schema":"public","severity":"ERROR","stack":"error: new row for relation \"users\" violates check constraint \"users_role_check\"\n    at /home/fariz/tmp/senior-engingeer-todo-feature/backend/node_modules/pg-pool/index.js:45:11\n    at processTicksAndRejections (node:internal/process/task_queues:105:5)\n    at /home/fariz/tmp/senior-engingeer-todo-feature/backend/src/index.ts:484:20","table":"users","timestamp":"2025-01-08T17:16:42.822Z"}
{"level":"info","message":"Executing query:","timestamp":"2025-01-08T17:16:42.898Z"}
{"level":"info","message":"Executing query:","timestamp":"2025-01-08T17:16:42.925Z"}
{"code":"22P02","file":"numutils.c","length":152,"level":"error","line":"617","message":"Error updating user: invalid input syntax for type integer: \"undefined\"","name":"error","routine":"pg_strtoint32_safe","severity":"ERROR","stack":"error: invalid input syntax for type integer: \"undefined\"\n    at /home/fariz/tmp/senior-engingeer-todo-feature/backend/node_modules/pg-pool/index.js:45:11\n    at processTicksAndRejections (node:internal/process/task_queues:105:5)\n    at /home/fariz/tmp/senior-engingeer-todo-feature/backend/src/index.ts:553:20","timestamp":"2025-01-08T17:16:42.956Z","where":"unnamed portal parameter $4 = '...'"}
{"created_at":"2025-01-08T17:16:42.984Z","id":429,"level":"info","message":"Patient created:","name":"Test Patient","timestamp":"2025-01-08T17:16:42.986Z"}
{"level":"info","message":"Executing query:","timestamp":"2025-01-08T17:16:43.011Z"}
{"level":"info","message":"Retrieving all tasks","timestamp":"2025-01-08T17:16:43.091Z"}
{"code":"42703","file":"parse_relation.c","length":108,"level":"error","line":"3722","message":"Error fetching resources: column \"url_link\" does not exist","name":"error","position":"28","routine":"errorMissingColumn","severity":"ERROR","stack":"error: column \"url_link\" does not exist\n    at /home/fariz/tmp/senior-engingeer-todo-feature/backend/node_modules/pg-pool/index.js:45:11\n    at processTicksAndRejections (node:internal/process/task_queues:105:5)\n    at /home/fariz/tmp/senior-engingeer-todo-feature/backend/src/index.ts:187:20","timestamp":"2025-01-08T17:16:43.139Z"}
{"level":"info","message":"deleting user with id: undefined","timestamp":"2025-01-08T17:16:43.258Z"}
{"code":"22P02","file":"numutils.c","length":152,"level":"error","line":"617","message":"Error deleting user: invalid input syntax for type integer: \"undefined\"","name":"error","routine":"pg_strtoint32_safe","severity":"ERROR","stack":"error: invalid input syntax for type integer: \"undefined\"\n    at /home/fariz/tmp/senior-engingeer-todo-feature/backend/node_modules/pg-pool/index.js:45:11\n    at processTicksAndRejections (node:internal/process/task_queues:105:5)\n    at /home/fariz/tmp/senior-engingeer-todo-feature/backend/src/index.ts:582:20","timestamp":"2025-01-08T17:16:43.268Z","where":"unnamed portal parameter $1 = '...'"}
{"level":"info","message":"deleting user with id: 362","timestamp":"2025-01-08T17:16:43.281Z"}
{"level":"info","message":"Server is running on port 5000","timestamp":"2025-01-08T17:16:51.361Z"}
{"code":"23514","constraint":"users_role_check","detail":"Failing row contains (363, Test User, Staff, null, 2025-01-09 00:16:51.445375).","file":"execMain.c","length":250,"level":"error","line":"2063","message":"Error adding user: new row for relation \"users\" violates check constraint \"users_role_check\"","name":"error","routine":"ExecConstraints","schema":"public","severity":"ERROR","stack":"error: new row for relation \"users\" violates check constraint \"users_role_check\"\n    at /home/fariz/tmp/senior-engingeer-todo-feature/backend/node_modules/pg-pool/index.js:45:11\n    at processTicksAndRejections (node:internal/process/task_queues:105:5)\n    at /home/fariz/tmp/senior-engingeer-todo-feature/backend/src/index.ts:484:20","table":"users","timestamp":"2025-01-08T17:16:51.465Z"}
{"level":"info","message":"Executing query:","timestamp":"2025-01-08T17:16:51.545Z"}
{"level":"info","message":"Executing query:","timestamp":"2025-01-08T17:16:51.565Z"}
{"code":"22P02","file":"numutils.c","length":152,"level":"error","line":"617","message":"Error updating user: invalid input syntax for type integer: \"undefined\"","name":"error","routine":"pg_strtoint32_safe","severity":"ERROR","stack":"error: invalid input syntax for type integer: \"undefined\"\n    at /home/fariz/tmp/senior-engingeer-todo-feature/backend/node_modules/pg-pool/index.js:45:11\n    at processTicksAndRejections (node:internal/process/task_queues:105:5)\n    at /home/fariz/tmp/senior-engingeer-todo-feature/backend/src/index.ts:553:20","timestamp":"2025-01-08T17:16:51.592Z","where":"unnamed portal parameter $4 = '...'"}
{"created_at":"2025-01-08T17:16:51.625Z","id":430,"level":"info","message":"Patient created:","name":"Test Patient","timestamp":"2025-01-08T17:16:51.627Z"}
{"level":"info","message":"Executing query:","timestamp":"2025-01-08T17:16:51.642Z"}
{"level":"info","message":"Retrieving all tasks","timestamp":"2025-01-08T17:16:51.703Z"}
{"code":"42703","file":"parse_relation.c","length":108,"level":"error","line":"3722","message":"Error fetching resources: column \"url_link\" does not exist","name":"error","position":"28","routine":"errorMissingColumn","severity":"ERROR","stack":"error: column \"url_link\" does not exist\n    at /home/fariz/tmp/senior-engingeer-todo-feature/backend/node_modules/pg-pool/index.js:45:11\n    at processTicksAndRejections (node:internal/process/task_queues:105:5)\n    at /home/fariz/tmp/senior-engingeer-todo-feature/backend/src/index.ts:187:20","timestamp":"2025-01-08T17:16:51.742Z"}
{"level":"info","message":"deleting user with id: undefined","timestamp":"2025-01-08T17:16:51.871Z"}
{"code":"22P02","file":"numutils.c","length":152,"level":"error","line":"617","message":"Error deleting user: invalid input syntax for type integer: \"undefined\"","name":"error","routine":"pg_strtoint32_safe","severity":"ERROR","stack":"error: invalid input syntax for type integer: \"undefined\"\n    at /home/fariz/tmp/senior-engingeer-todo-feature/backend/node_modules/pg-pool/index.js:45:11\n    at processTicksAndRejections (node:internal/process/task_queues:105:5)\n    at /home/fariz/tmp/senior-engingeer-todo-feature/backend/src/index.ts:582:20","timestamp":"2025-01-08T17:16:51.880Z","where":"unnamed portal parameter $1 = '...'"}
{"level":"info","message":"deleting user with id: 364","timestamp":"2025-01-08T17:16:51.892Z"}
{"code":"23514","constraint":"users_role_check","detail":"Failing row contains (365, Test User, Staff, null, 2025-01-09 00:26:45.854554).","file":"execMain.c","length":250,"level":"error","line":"2063","message":"Error adding user: new row for relation \"users\" violates check constraint \"users_role_check\"","name":"error","routine":"ExecConstraints","schema":"public","severity":"ERROR","stack":"error: new row for relation \"users\" violates check constraint \"users_role_check\"\n    at /home/fariz/tmp/senior-engingeer-todo-feature/backend/node_modules/pg-pool/index.js:45:11\n    at processTicksAndRejections (node:internal/process/task_queues:105:5)\n    at /home/fariz/tmp/senior-engingeer-todo-feature/backend/src/index.ts:484:20","table":"users","timestamp":"2025-01-08T17:26:45.876Z"}
{"level":"info","message":"Executing query:","timestamp":"2025-01-08T17:26:45.944Z"}
{"level":"info","message":"Executing query:","timestamp":"2025-01-08T17:26:45.971Z"}
{"code":"22P02","file":"numutils.c","length":152,"level":"error","line":"617","message":"Error updating user: invalid input syntax for type integer: \"undefined\"","name":"error","routine":"pg_strtoint32_safe","severity":"ERROR","stack":"error: invalid input syntax for type integer: \"undefined\"\n    at /home/fariz/tmp/senior-engingeer-todo-feature/backend/node_modules/pg-pool/index.js:45:11\n    at processTicksAndRejections (node:internal/process/task_queues:105:5)\n    at /home/fariz/tmp/senior-engingeer-todo-feature/backend/src/index.ts:553:20","timestamp":"2025-01-08T17:26:46.000Z","where":"unnamed portal parameter $4 = '...'"}
{"created_at":"2025-01-08T17:26:46.036Z","id":431,"level":"info","message":"Patient created:","name":"Test Patient","timestamp":"2025-01-08T17:26:46.038Z"}
{"level":"info","message":"Executing query:","timestamp":"2025-01-08T17:26:46.057Z"}
{"level":"info","message":"Retrieving all tasks","timestamp":"2025-01-08T17:26:46.136Z"}
{"code":"42703","file":"parse_relation.c","length":108,"level":"error","line":"3722","message":"Error fetching resources: column \"url_link\" does not exist","name":"error","position":"28","routine":"errorMissingColumn","severity":"ERROR","stack":"error: column \"url_link\" does not exist\n    at /home/fariz/tmp/senior-engingeer-todo-feature/backend/node_modules/pg-pool/index.js:45:11\n    at processTicksAndRejections (node:internal/process/task_queues:105:5)\n    at /home/fariz/tmp/senior-engingeer-todo-feature/backend/src/index.ts:187:20","timestamp":"2025-01-08T17:26:46.194Z"}
{"level":"info","message":"deleting user with id: undefined","timestamp":"2025-01-08T17:26:46.498Z"}
{"code":"22P02","file":"numutils.c","length":152,"level":"error","line":"617","message":"Error deleting user: invalid input syntax for type integer: \"undefined\"","name":"error","routine":"pg_strtoint32_safe","severity":"ERROR","stack":"error: invalid input syntax for type integer: \"undefined\"\n    at /home/fariz/tmp/senior-engingeer-todo-feature/backend/node_modules/pg-pool/index.js:45:11\n    at processTicksAndRejections (node:internal/process/task_queues:105:5)\n    at /home/fariz/tmp/senior-engingeer-todo-feature/backend/src/index.ts:582:20","timestamp":"2025-01-08T17:26:46.506Z","where":"unnamed portal parameter $1 = '...'"}
{"level":"info","message":"deleting user with id: 366","timestamp":"2025-01-08T17:26:46.517Z"}
{"code":"23514","constraint":"users_role_check","detail":"Failing row contains (367, Test User, Staff, null, 2025-01-09 00:28:36.525076).","file":"execMain.c","length":250,"level":"error","line":"2063","message":"Error adding user: new row for relation \"users\" violates check constraint \"users_role_check\"","name":"error","routine":"ExecConstraints","schema":"public","severity":"ERROR","stack":"error: new row for relation \"users\" violates check constraint \"users_role_check\"\n    at /home/fariz/tmp/senior-engingeer-todo-feature/backend/node_modules/pg-pool/index.js:45:11\n    at processTicksAndRejections (node:internal/process/task_queues:105:5)\n    at /home/fariz/tmp/senior-engingeer-todo-feature/backend/src/index.ts:484:20","table":"users","timestamp":"2025-01-08T17:28:36.545Z"}
{"level":"info","message":"Executing query:","timestamp":"2025-01-08T17:28:36.634Z"}
{"level":"info","message":"Executing query:","timestamp":"2025-01-08T17:28:36.664Z"}
{"code":"22P02","file":"numutils.c","length":152,"level":"error","line":"617","message":"Error updating user: invalid input syntax for type integer: \"undefined\"","name":"error","routine":"pg_strtoint32_safe","severity":"ERROR","stack":"error: invalid input syntax for type integer: \"undefined\"\n    at /home/fariz/tmp/senior-engingeer-todo-feature/backend/node_modules/pg-pool/index.js:45:11\n    at processTicksAndRejections (node:internal/process/task_queues:105:5)\n    at /home/fariz/tmp/senior-engingeer-todo-feature/backend/src/index.ts:553:20","timestamp":"2025-01-08T17:28:36.691Z","where":"unnamed portal parameter $4 = '...'"}
{"created_at":"2025-01-08T17:28:36.724Z","id":432,"level":"info","message":"Patient created:","name":"Test Patient","timestamp":"2025-01-08T17:28:36.732Z"}
{"level":"info","message":"Executing query:","timestamp":"2025-01-08T17:28:36.751Z"}
{"level":"info","message":"Retrieving all tasks","timestamp":"2025-01-08T17:28:36.815Z"}
{"code":"42703","file":"parse_relation.c","length":108,"level":"error","line":"3722","message":"Error fetching resources: column \"url_link\" does not exist","name":"error","position":"28","routine":"errorMissingColumn","severity":"ERROR","stack":"error: column \"url_link\" does not exist\n    at /home/fariz/tmp/senior-engingeer-todo-feature/backend/node_modules/pg-pool/index.js:45:11\n    at processTicksAndRejections (node:internal/process/task_queues:105:5)\n    at /home/fariz/tmp/senior-engingeer-todo-feature/backend/src/index.ts:187:20","timestamp":"2025-01-08T17:28:36.856Z"}
{"level":"info","message":"deleting user with id: undefined","timestamp":"2025-01-08T17:28:36.975Z"}
{"code":"22P02","file":"numutils.c","length":152,"level":"error","line":"617","message":"Error deleting user: invalid input syntax for type integer: \"undefined\"","name":"error","routine":"pg_strtoint32_safe","severity":"ERROR","stack":"error: invalid input syntax for type integer: \"undefined\"\n    at /home/fariz/tmp/senior-engingeer-todo-feature/backend/node_modules/pg-pool/index.js:45:11\n    at processTicksAndRejections (node:internal/process/task_queues:105:5)\n    at /home/fariz/tmp/senior-engingeer-todo-feature/backend/src/index.ts:582:20","timestamp":"2025-01-08T17:28:36.981Z","where":"unnamed portal parameter $1 = '...'"}
{"level":"info","message":"deleting user with id: 368","timestamp":"2025-01-08T17:28:36.995Z"}
{"code":"23514","constraint":"users_role_check","detail":"Failing row contains (369, Test User, nurse, null, 2025-01-09 00:29:51.421517).","file":"execMain.c","length":250,"level":"error","line":"2063","message":"Error adding user: new row for relation \"users\" violates check constraint \"users_role_check\"","name":"error","routine":"ExecConstraints","schema":"public","severity":"ERROR","stack":"error: new row for relation \"users\" violates check constraint \"users_role_check\"\n    at /home/fariz/tmp/senior-engingeer-todo-feature/backend/node_modules/pg-pool/index.js:45:11\n    at processTicksAndRejections (node:internal/process/task_queues:105:5)\n    at /home/fariz/tmp/senior-engingeer-todo-feature/backend/src/index.ts:484:20","table":"users","timestamp":"2025-01-08T17:29:51.446Z"}
{"level":"info","message":"Executing query:","timestamp":"2025-01-08T17:29:51.530Z"}
{"level":"info","message":"Executing query:","timestamp":"2025-01-08T17:29:51.558Z"}
{"code":"22P02","file":"numutils.c","length":152,"level":"error","line":"617","message":"Error updating user: invalid input syntax for type integer: \"undefined\"","name":"error","routine":"pg_strtoint32_safe","severity":"ERROR","stack":"error: invalid input syntax for type integer: \"undefined\"\n    at /home/fariz/tmp/senior-engingeer-todo-feature/backend/node_modules/pg-pool/index.js:45:11\n    at processTicksAndRejections (node:internal/process/task_queues:105:5)\n    at /home/fariz/tmp/senior-engingeer-todo-feature/backend/src/index.ts:553:20","timestamp":"2025-01-08T17:29:51.587Z","where":"unnamed portal parameter $4 = '...'"}
{"created_at":"2025-01-08T17:29:51.615Z","id":433,"level":"info","message":"Patient created:","name":"Test Patient","timestamp":"2025-01-08T17:29:51.624Z"}
{"level":"info","message":"Executing query:","timestamp":"2025-01-08T17:29:51.641Z"}
{"level":"info","message":"Retrieving all tasks","timestamp":"2025-01-08T17:29:51.725Z"}
{"code":"42703","file":"parse_relation.c","length":108,"level":"error","line":"3722","message":"Error fetching resources: column \"url_link\" does not exist","name":"error","position":"28","routine":"errorMissingColumn","severity":"ERROR","stack":"error: column \"url_link\" does not exist\n    at /home/fariz/tmp/senior-engingeer-todo-feature/backend/node_modules/pg-pool/index.js:45:11\n    at processTicksAndRejections (node:internal/process/task_queues:105:5)\n    at /home/fariz/tmp/senior-engingeer-todo-feature/backend/src/index.ts:187:20","timestamp":"2025-01-08T17:29:51.773Z"}
{"level":"info","message":"deleting user with id: undefined","timestamp":"2025-01-08T17:29:51.892Z"}
{"code":"22P02","file":"numutils.c","length":152,"level":"error","line":"617","message":"Error deleting user: invalid input syntax for type integer: \"undefined\"","name":"error","routine":"pg_strtoint32_safe","severity":"ERROR","stack":"error: invalid input syntax for type integer: \"undefined\"\n    at /home/fariz/tmp/senior-engingeer-todo-feature/backend/node_modules/pg-pool/index.js:45:11\n    at processTicksAndRejections (node:internal/process/task_queues:105:5)\n    at /home/fariz/tmp/senior-engingeer-todo-feature/backend/src/index.ts:582:20","timestamp":"2025-01-08T17:29:51.898Z","where":"unnamed portal parameter $1 = '...'"}
{"level":"info","message":"deleting user with id: 370","timestamp":"2025-01-08T17:29:51.913Z"}
{"code":"23514","constraint":"users_role_check","detail":"Failing row contains (371, Test User, nurse, null, 2025-01-09 00:30:32.604231).","file":"execMain.c","length":250,"level":"error","line":"2063","message":"Error adding user: new row for relation \"users\" violates check constraint \"users_role_check\"","name":"error","routine":"ExecConstraints","schema":"public","severity":"ERROR","stack":"error: new row for relation \"users\" violates check constraint \"users_role_check\"\n    at /home/fariz/tmp/senior-engingeer-todo-feature/backend/node_modules/pg-pool/index.js:45:11\n    at processTicksAndRejections (node:internal/process/task_queues:105:5)\n    at /home/fariz/tmp/senior-engingeer-todo-feature/backend/src/index.ts:484:20","table":"users","timestamp":"2025-01-08T17:30:32.625Z"}
{"level":"info","message":"Executing query:","timestamp":"2025-01-08T17:30:32.698Z"}
{"level":"info","message":"Executing query:","timestamp":"2025-01-08T17:30:32.719Z"}
{"code":"22P02","file":"numutils.c","length":152,"level":"error","line":"617","message":"Error updating user: invalid input syntax for type integer: \"undefined\"","name":"error","routine":"pg_strtoint32_safe","severity":"ERROR","stack":"error: invalid input syntax for type integer: \"undefined\"\n    at /home/fariz/tmp/senior-engingeer-todo-feature/backend/node_modules/pg-pool/index.js:45:11\n    at processTicksAndRejections (node:internal/process/task_queues:105:5)\n    at /home/fariz/tmp/senior-engingeer-todo-feature/backend/src/index.ts:553:20","timestamp":"2025-01-08T17:30:32.748Z","where":"unnamed portal parameter $4 = '...'"}
{"created_at":"2025-01-08T17:30:32.781Z","id":434,"level":"info","message":"Patient created:","name":"Test Patient","timestamp":"2025-01-08T17:30:32.783Z"}
{"level":"info","message":"Executing query:","timestamp":"2025-01-08T17:30:32.804Z"}
{"level":"info","message":"Retrieving all tasks","timestamp":"2025-01-08T17:30:32.878Z"}
{"code":"42703","file":"parse_relation.c","length":108,"level":"error","line":"3722","message":"Error fetching resources: column \"url_link\" does not exist","name":"error","position":"28","routine":"errorMissingColumn","severity":"ERROR","stack":"error: column \"url_link\" does not exist\n    at /home/fariz/tmp/senior-engingeer-todo-feature/backend/node_modules/pg-pool/index.js:45:11\n    at processTicksAndRejections (node:internal/process/task_queues:105:5)\n    at /home/fariz/tmp/senior-engingeer-todo-feature/backend/src/index.ts:187:20","timestamp":"2025-01-08T17:30:32.921Z"}
{"level":"info","message":"deleting user with id: undefined","timestamp":"2025-01-08T17:30:33.045Z"}
{"code":"22P02","file":"numutils.c","length":152,"level":"error","line":"617","message":"Error deleting user: invalid input syntax for type integer: \"undefined\"","name":"error","routine":"pg_strtoint32_safe","severity":"ERROR","stack":"error: invalid input syntax for type integer: \"undefined\"\n    at /home/fariz/tmp/senior-engingeer-todo-feature/backend/node_modules/pg-pool/index.js:45:11\n    at processTicksAndRejections (node:internal/process/task_queues:105:5)\n    at /home/fariz/tmp/senior-engingeer-todo-feature/backend/src/index.ts:582:20","timestamp":"2025-01-08T17:30:33.052Z","where":"unnamed portal parameter $1 = '...'"}
{"level":"info","message":"deleting user with id: 372","timestamp":"2025-01-08T17:30:33.063Z"}
{"code":"23514","constraint":"users_role_check","detail":"Failing row contains (373, Test User, nurse, null, 2025-01-09 00:30:42.312911).","file":"execMain.c","length":250,"level":"error","line":"2063","message":"Error adding user: new row for relation \"users\" violates check constraint \"users_role_check\"","name":"error","routine":"ExecConstraints","schema":"public","severity":"ERROR","stack":"error: new row for relation \"users\" violates check constraint \"users_role_check\"\n    at /home/fariz/tmp/senior-engingeer-todo-feature/backend/node_modules/pg-pool/index.js:45:11\n    at processTicksAndRejections (node:internal/process/task_queues:105:5)\n    at /home/fariz/tmp/senior-engingeer-todo-feature/backend/src/index.ts:484:20","table":"users","timestamp":"2025-01-08T17:30:42.332Z"}
{"level":"info","message":"Executing query:","timestamp":"2025-01-08T17:30:42.422Z"}
{"level":"info","message":"Executing query:","timestamp":"2025-01-08T17:30:42.445Z"}
{"code":"22P02","file":"numutils.c","length":152,"level":"error","line":"617","message":"Error updating user: invalid input syntax for type integer: \"undefined\"","name":"error","routine":"pg_strtoint32_safe","severity":"ERROR","stack":"error: invalid input syntax for type integer: \"undefined\"\n    at /home/fariz/tmp/senior-engingeer-todo-feature/backend/node_modules/pg-pool/index.js:45:11\n    at processTicksAndRejections (node:internal/process/task_queues:105:5)\n    at /home/fariz/tmp/senior-engingeer-todo-feature/backend/src/index.ts:553:20","timestamp":"2025-01-08T17:30:42.473Z","where":"unnamed portal parameter $4 = '...'"}
{"created_at":"2025-01-08T17:30:42.507Z","id":435,"level":"info","message":"Patient created:","name":"Test Patient","timestamp":"2025-01-08T17:30:42.510Z"}
{"level":"info","message":"Executing query:","timestamp":"2025-01-08T17:30:42.528Z"}
{"level":"info","message":"Retrieving all tasks","timestamp":"2025-01-08T17:30:42.595Z"}
{"code":"42703","file":"parse_relation.c","length":108,"level":"error","line":"3722","message":"Error fetching resources: column \"url_link\" does not exist","name":"error","position":"28","routine":"errorMissingColumn","severity":"ERROR","stack":"error: column \"url_link\" does not exist\n    at /home/fariz/tmp/senior-engingeer-todo-feature/backend/node_modules/pg-pool/index.js:45:11\n    at processTicksAndRejections (node:internal/process/task_queues:105:5)\n    at /home/fariz/tmp/senior-engingeer-todo-feature/backend/src/index.ts:187:20","timestamp":"2025-01-08T17:30:42.636Z"}
{"level":"info","message":"deleting user with id: undefined","timestamp":"2025-01-08T17:30:42.752Z"}
{"code":"22P02","file":"numutils.c","length":152,"level":"error","line":"617","message":"Error deleting user: invalid input syntax for type integer: \"undefined\"","name":"error","routine":"pg_strtoint32_safe","severity":"ERROR","stack":"error: invalid input syntax for type integer: \"undefined\"\n    at /home/fariz/tmp/senior-engingeer-todo-feature/backend/node_modules/pg-pool/index.js:45:11\n    at processTicksAndRejections (node:internal/process/task_queues:105:5)\n    at /home/fariz/tmp/senior-engingeer-todo-feature/backend/src/index.ts:582:20","timestamp":"2025-01-08T17:30:42.759Z","where":"unnamed portal parameter $1 = '...'"}
{"level":"info","message":"deleting user with id: 374","timestamp":"2025-01-08T17:30:42.773Z"}
{"level":"info","message":"Server is running on port 5000","timestamp":"2025-01-08T17:31:23.086Z"}
{"level":"info","message":"Retrieving all tasks","timestamp":"2025-01-08T17:31:25.496Z"}
{"code":"42703","file":"parse_relation.c","length":106,"level":"error","line":"3722","name":"error","position":"35","routine":"errorMissingColumn","severity":"ERROR","timestamp":"2025-01-08T17:31:25.531Z"}
{"level":"info","message":"Retrieving all tasks","timestamp":"2025-01-08T17:31:27.867Z"}
{"code":"42703","file":"parse_relation.c","length":106,"level":"error","line":"3722","name":"error","position":"35","routine":"errorMissingColumn","severity":"ERROR","timestamp":"2025-01-08T17:31:27.893Z"}
{"level":"info","message":"Retrieving all tasks","timestamp":"2025-01-08T17:31:29.402Z"}
{"code":"42703","file":"parse_relation.c","length":106,"level":"error","line":"3722","name":"error","position":"35","routine":"errorMissingColumn","severity":"ERROR","timestamp":"2025-01-08T17:31:29.440Z"}
{"code":"23514","constraint":"users_role_check","detail":"Failing row contains (375, Test User, nurse, null, 2025-01-09 08:32:46.951134).","file":"execMain.c","length":250,"level":"error","line":"2063","message":"Error adding user: new row for relation \"users\" violates check constraint \"users_role_check\"","name":"error","routine":"ExecConstraints","schema":"public","severity":"ERROR","stack":"error: new row for relation \"users\" violates check constraint \"users_role_check\"\n    at /home/fariz/tmp/senior-engingeer-todo-feature/backend/node_modules/pg-pool/index.js:45:11\n    at processTicksAndRejections (node:internal/process/task_queues:105:5)\n    at /home/fariz/tmp/senior-engingeer-todo-feature/backend/src/index.ts:484:20","table":"users","timestamp":"2025-01-09T01:32:46.983Z"}
{"level":"info","message":"Executing query:","timestamp":"2025-01-09T01:32:47.054Z"}
{"level":"info","message":"Executing query:","timestamp":"2025-01-09T01:32:47.077Z"}
{"code":"22P02","file":"numutils.c","length":152,"level":"error","line":"617","message":"Error updating user: invalid input syntax for type integer: \"undefined\"","name":"error","routine":"pg_strtoint32_safe","severity":"ERROR","stack":"error: invalid input syntax for type integer: \"undefined\"\n    at /home/fariz/tmp/senior-engingeer-todo-feature/backend/node_modules/pg-pool/index.js:45:11\n    at processTicksAndRejections (node:internal/process/task_queues:105:5)\n    at /home/fariz/tmp/senior-engingeer-todo-feature/backend/src/index.ts:553:20","timestamp":"2025-01-09T01:32:47.103Z","where":"unnamed portal parameter $4 = '...'"}
{"created_at":"2025-01-09T01:32:47.136Z","id":436,"level":"info","message":"Patient created:","name":"Test Patient","timestamp":"2025-01-09T01:32:47.139Z"}
{"level":"info","message":"Executing query:","timestamp":"2025-01-09T01:32:47.160Z"}
{"level":"info","message":"Retrieving all tasks","timestamp":"2025-01-09T01:32:47.222Z"}
{"code":"42703","file":"parse_relation.c","length":108,"level":"error","line":"3722","message":"Error fetching resources: column \"url_link\" does not exist","name":"error","position":"28","routine":"errorMissingColumn","severity":"ERROR","stack":"error: column \"url_link\" does not exist\n    at /home/fariz/tmp/senior-engingeer-todo-feature/backend/node_modules/pg-pool/index.js:45:11\n    at processTicksAndRejections (node:internal/process/task_queues:105:5)\n    at /home/fariz/tmp/senior-engingeer-todo-feature/backend/src/index.ts:187:20","timestamp":"2025-01-09T01:32:47.283Z"}
{"level":"info","message":"deleting user with id: undefined","timestamp":"2025-01-09T01:32:47.412Z"}
{"code":"22P02","file":"numutils.c","length":152,"level":"error","line":"617","message":"Error deleting user: invalid input syntax for type integer: \"undefined\"","name":"error","routine":"pg_strtoint32_safe","severity":"ERROR","stack":"error: invalid input syntax for type integer: \"undefined\"\n    at /home/fariz/tmp/senior-engingeer-todo-feature/backend/node_modules/pg-pool/index.js:45:11\n    at processTicksAndRejections (node:internal/process/task_queues:105:5)\n    at /home/fariz/tmp/senior-engingeer-todo-feature/backend/src/index.ts:582:20","timestamp":"2025-01-09T01:32:47.419Z","where":"unnamed portal parameter $1 = '...'"}
{"level":"info","message":"deleting user with id: 376","timestamp":"2025-01-09T01:32:47.430Z"}
{"code":"23514","constraint":"users_role_check","detail":"Failing row contains (377, Test User, nurse, null, 2025-01-09 08:37:25.279046).","file":"execMain.c","length":250,"level":"error","line":"2063","message":"Error adding user: new row for relation \"users\" violates check constraint \"users_role_check\"","name":"error","routine":"ExecConstraints","schema":"public","severity":"ERROR","stack":"error: new row for relation \"users\" violates check constraint \"users_role_check\"\n    at /home/fariz/tmp/senior-engingeer-todo-feature/backend/node_modules/pg-pool/index.js:45:11\n    at processTicksAndRejections (node:internal/process/task_queues:105:5)\n    at /home/fariz/tmp/senior-engingeer-todo-feature/backend/src/index.ts:484:20","table":"users","timestamp":"2025-01-09T01:37:25.303Z"}
{"level":"info","message":"Executing query:","timestamp":"2025-01-09T01:37:25.365Z"}
{"level":"info","message":"Executing query:","timestamp":"2025-01-09T01:37:25.394Z"}
{"code":"22P02","file":"numutils.c","length":152,"level":"error","line":"617","message":"Error updating user: invalid input syntax for type integer: \"undefined\"","name":"error","routine":"pg_strtoint32_safe","severity":"ERROR","stack":"error: invalid input syntax for type integer: \"undefined\"\n    at /home/fariz/tmp/senior-engingeer-todo-feature/backend/node_modules/pg-pool/index.js:45:11\n    at processTicksAndRejections (node:internal/process/task_queues:105:5)\n    at /home/fariz/tmp/senior-engingeer-todo-feature/backend/src/index.ts:553:20","timestamp":"2025-01-09T01:37:25.424Z","where":"unnamed portal parameter $4 = '...'"}
{"created_at":"2025-01-09T01:37:25.450Z","id":437,"level":"info","message":"Patient created:","name":"Test Patient","timestamp":"2025-01-09T01:37:25.452Z"}
{"level":"info","message":"Executing query:","timestamp":"2025-01-09T01:37:25.470Z"}
{"level":"info","message":"Retrieving all tasks","timestamp":"2025-01-09T01:37:25.547Z"}
{"code":"42703","file":"parse_relation.c","length":108,"level":"error","line":"3722","message":"Error fetching resources: column \"url_link\" does not exist","name":"error","position":"28","routine":"errorMissingColumn","severity":"ERROR","stack":"error: column \"url_link\" does not exist\n    at /home/fariz/tmp/senior-engingeer-todo-feature/backend/node_modules/pg-pool/index.js:45:11\n    at processTicksAndRejections (node:internal/process/task_queues:105:5)\n    at /home/fariz/tmp/senior-engingeer-todo-feature/backend/src/index.ts:187:20","timestamp":"2025-01-09T01:37:25.593Z"}
{"code":"22P02","file":"numutils.c","length":152,"level":"error","line":"617","message":"Error removing doctor from patient: invalid input syntax for type integer: \"undefined\"","name":"error","routine":"pg_strtoint32_safe","severity":"ERROR","stack":"error: invalid input syntax for type integer: \"undefined\"\n    at /home/fariz/tmp/senior-engingeer-todo-feature/backend/node_modules/pg-pool/index.js:45:11\n    at processTicksAndRejections (node:internal/process/task_queues:105:5)\n    at /home/fariz/tmp/senior-engingeer-todo-feature/backend/src/index.ts:865:25","timestamp":"2025-01-09T01:37:25.687Z","where":"unnamed portal parameter $1 = '...'"}
{"level":"info","message":"deleting user with id: undefined","timestamp":"2025-01-09T01:37:25.722Z"}
{"code":"22P02","file":"numutils.c","length":152,"level":"error","line":"617","message":"Error deleting user: invalid input syntax for type integer: \"undefined\"","name":"error","routine":"pg_strtoint32_safe","severity":"ERROR","stack":"error: invalid input syntax for type integer: \"undefined\"\n    at /home/fariz/tmp/senior-engingeer-todo-feature/backend/node_modules/pg-pool/index.js:45:11\n    at processTicksAndRejections (node:internal/process/task_queues:105:5)\n    at /home/fariz/tmp/senior-engingeer-todo-feature/backend/src/index.ts:582:20","timestamp":"2025-01-09T01:37:25.732Z","where":"unnamed portal parameter $1 = '...'"}
{"level":"info","message":"deleting user with id: undefined","timestamp":"2025-01-09T01:37:25.744Z"}
{"code":"22P02","file":"numutils.c","length":152,"level":"error","line":"617","message":"Error deleting user: invalid input syntax for type integer: \"undefined\"","name":"error","routine":"pg_strtoint32_safe","severity":"ERROR","stack":"error: invalid input syntax for type integer: \"undefined\"\n    at /home/fariz/tmp/senior-engingeer-todo-feature/backend/node_modules/pg-pool/index.js:45:11\n    at processTicksAndRejections (node:internal/process/task_queues:105:5)\n    at /home/fariz/tmp/senior-engingeer-todo-feature/backend/src/index.ts:582:20","timestamp":"2025-01-09T01:37:25.760Z","where":"unnamed portal parameter $1 = '...'"}
{"code":"23514","constraint":"users_role_check","detail":"Failing row contains (379, Test User, nurse, null, 2025-01-09 08:37:39.810588).","file":"execMain.c","length":250,"level":"error","line":"2063","message":"Error adding user: new row for relation \"users\" violates check constraint \"users_role_check\"","name":"error","routine":"ExecConstraints","schema":"public","severity":"ERROR","stack":"error: new row for relation \"users\" violates check constraint \"users_role_check\"\n    at /home/fariz/tmp/senior-engingeer-todo-feature/backend/node_modules/pg-pool/index.js:45:11\n    at processTicksAndRejections (node:internal/process/task_queues:105:5)\n    at /home/fariz/tmp/senior-engingeer-todo-feature/backend/src/index.ts:484:20","table":"users","timestamp":"2025-01-09T01:37:39.834Z"}
{"level":"info","message":"Executing query:","timestamp":"2025-01-09T01:37:39.894Z"}
{"level":"info","message":"Executing query:","timestamp":"2025-01-09T01:37:39.923Z"}
{"code":"22P02","file":"numutils.c","length":152,"level":"error","line":"617","message":"Error updating user: invalid input syntax for type integer: \"undefined\"","name":"error","routine":"pg_strtoint32_safe","severity":"ERROR","stack":"error: invalid input syntax for type integer: \"undefined\"\n    at /home/fariz/tmp/senior-engingeer-todo-feature/backend/node_modules/pg-pool/index.js:45:11\n    at processTicksAndRejections (node:internal/process/task_queues:105:5)\n    at /home/fariz/tmp/senior-engingeer-todo-feature/backend/src/index.ts:553:20","timestamp":"2025-01-09T01:37:39.949Z","where":"unnamed portal parameter $4 = '...'"}
{"created_at":"2025-01-09T01:37:39.976Z","id":438,"level":"info","message":"Patient created:","name":"Test Patient","timestamp":"2025-01-09T01:37:39.978Z"}
{"level":"info","message":"Executing query:","timestamp":"2025-01-09T01:37:39.994Z"}
{"level":"info","message":"Retrieving all tasks","timestamp":"2025-01-09T01:37:40.075Z"}
{"code":"42703","file":"parse_relation.c","length":108,"level":"error","line":"3722","message":"Error fetching resources: column \"url_link\" does not exist","name":"error","position":"28","routine":"errorMissingColumn","severity":"ERROR","stack":"error: column \"url_link\" does not exist\n    at /home/fariz/tmp/senior-engingeer-todo-feature/backend/node_modules/pg-pool/index.js:45:11\n    at processTicksAndRejections (node:internal/process/task_queues:105:5)\n    at /home/fariz/tmp/senior-engingeer-todo-feature/backend/src/index.ts:187:20","timestamp":"2025-01-09T01:37:40.120Z"}
{"code":"22P02","file":"numutils.c","length":152,"level":"error","line":"617","message":"Error removing doctor from patient: invalid input syntax for type integer: \"undefined\"","name":"error","routine":"pg_strtoint32_safe","severity":"ERROR","stack":"error: invalid input syntax for type integer: \"undefined\"\n    at /home/fariz/tmp/senior-engingeer-todo-feature/backend/node_modules/pg-pool/index.js:45:11\n    at processTicksAndRejections (node:internal/process/task_queues:105:5)\n    at /home/fariz/tmp/senior-engingeer-todo-feature/backend/src/index.ts:865:25","timestamp":"2025-01-09T01:37:40.214Z","where":"unnamed portal parameter $1 = '...'"}
{"level":"info","message":"deleting user with id: undefined","timestamp":"2025-01-09T01:37:40.247Z"}
{"code":"22P02","file":"numutils.c","length":152,"level":"error","line":"617","message":"Error deleting user: invalid input syntax for type integer: \"undefined\"","name":"error","routine":"pg_strtoint32_safe","severity":"ERROR","stack":"error: invalid input syntax for type integer: \"undefined\"\n    at /home/fariz/tmp/senior-engingeer-todo-feature/backend/node_modules/pg-pool/index.js:45:11\n    at processTicksAndRejections (node:internal/process/task_queues:105:5)\n    at /home/fariz/tmp/senior-engingeer-todo-feature/backend/src/index.ts:582:20","timestamp":"2025-01-09T01:37:40.253Z","where":"unnamed portal parameter $1 = '...'"}
{"level":"info","message":"deleting user with id: undefined","timestamp":"2025-01-09T01:37:40.268Z"}
{"code":"22P02","file":"numutils.c","length":152,"level":"error","line":"617","message":"Error deleting user: invalid input syntax for type integer: \"undefined\"","name":"error","routine":"pg_strtoint32_safe","severity":"ERROR","stack":"error: invalid input syntax for type integer: \"undefined\"\n    at /home/fariz/tmp/senior-engingeer-todo-feature/backend/node_modules/pg-pool/index.js:45:11\n    at processTicksAndRejections (node:internal/process/task_queues:105:5)\n    at /home/fariz/tmp/senior-engingeer-todo-feature/backend/src/index.ts:582:20","timestamp":"2025-01-09T01:37:40.282Z","where":"unnamed portal parameter $1 = '...'"}
{"code":"23514","constraint":"users_role_check","detail":"Failing row contains (381, Test User, nurse, null, 2025-01-09 08:38:01.820014).","file":"execMain.c","length":250,"level":"error","line":"2063","message":"Error adding user: new row for relation \"users\" violates check constraint \"users_role_check\"","name":"error","routine":"ExecConstraints","schema":"public","severity":"ERROR","stack":"error: new row for relation \"users\" violates check constraint \"users_role_check\"\n    at /home/fariz/tmp/senior-engingeer-todo-feature/backend/node_modules/pg-pool/index.js:45:11\n    at processTicksAndRejections (node:internal/process/task_queues:105:5)\n    at /home/fariz/tmp/senior-engingeer-todo-feature/backend/src/index.ts:484:20","table":"users","timestamp":"2025-01-09T01:38:01.840Z"}
{"level":"info","message":"Executing query:","timestamp":"2025-01-09T01:38:01.905Z"}
{"level":"info","message":"Executing query:","timestamp":"2025-01-09T01:38:01.924Z"}
{"code":"22P02","file":"numutils.c","length":152,"level":"error","line":"617","message":"Error updating user: invalid input syntax for type integer: \"undefined\"","name":"error","routine":"pg_strtoint32_safe","severity":"ERROR","stack":"error: invalid input syntax for type integer: \"undefined\"\n    at /home/fariz/tmp/senior-engingeer-todo-feature/backend/node_modules/pg-pool/index.js:45:11\n    at processTicksAndRejections (node:internal/process/task_queues:105:5)\n    at /home/fariz/tmp/senior-engingeer-todo-feature/backend/src/index.ts:553:20","timestamp":"2025-01-09T01:38:01.949Z","where":"unnamed portal parameter $4 = '...'"}
{"created_at":"2025-01-09T01:38:01.982Z","id":439,"level":"info","message":"Patient created:","name":"Test Patient","timestamp":"2025-01-09T01:38:01.985Z"}
{"level":"info","message":"Executing query:","timestamp":"2025-01-09T01:38:01.999Z"}
{"level":"info","message":"Retrieving all tasks","timestamp":"2025-01-09T01:38:02.069Z"}
{"code":"42703","file":"parse_relation.c","length":108,"level":"error","line":"3722","message":"Error fetching resources: column \"url_link\" does not exist","name":"error","position":"28","routine":"errorMissingColumn","severity":"ERROR","stack":"error: column \"url_link\" does not exist\n    at /home/fariz/tmp/senior-engingeer-todo-feature/backend/node_modules/pg-pool/index.js:45:11\n    at processTicksAndRejections (node:internal/process/task_queues:105:5)\n    at /home/fariz/tmp/senior-engingeer-todo-feature/backend/src/index.ts:187:20","timestamp":"2025-01-09T01:38:02.110Z"}
{"level":"info","message":"deleting user with id: undefined","timestamp":"2025-01-09T01:38:02.223Z"}
{"code":"22P02","file":"numutils.c","length":152,"level":"error","line":"617","message":"Error deleting user: invalid input syntax for type integer: \"undefined\"","name":"error","routine":"pg_strtoint32_safe","severity":"ERROR","stack":"error: invalid input syntax for type integer: \"undefined\"\n    at /home/fariz/tmp/senior-engingeer-todo-feature/backend/node_modules/pg-pool/index.js:45:11\n    at processTicksAndRejections (node:internal/process/task_queues:105:5)\n    at /home/fariz/tmp/senior-engingeer-todo-feature/backend/src/index.ts:582:20","timestamp":"2025-01-09T01:38:02.230Z","where":"unnamed portal parameter $1 = '...'"}
{"level":"info","message":"deleting user with id: 382","timestamp":"2025-01-09T01:38:02.242Z"}
{"level":"info","message":"Server is running on port 5000","timestamp":"2025-01-09T01:39:13.506Z"}
{"code":"23514","constraint":"users_role_check","detail":"Failing row contains (383, Test Name, secretary, null, 2025-01-09 08:41:12.534137).","file":"execMain.c","length":254,"level":"error","line":"2063","message":"Error adding user: new row for relation \"users\" violates check constraint \"users_role_check\"","name":"error","routine":"ExecConstraints","schema":"public","severity":"ERROR","stack":"error: new row for relation \"users\" violates check constraint \"users_role_check\"\n    at /home/fariz/tmp/senior-engingeer-todo-feature/backend/node_modules/pg-pool/index.js:45:11\n    at processTicksAndRejections (node:internal/process/task_queues:105:5)","table":"users","timestamp":"2025-01-09T01:41:12.552Z"}
{"code":"23514","constraint":"users_role_check","detail":"Failing row contains (385, Test Name, nurse, null, 2025-01-09 08:41:36.526466).","file":"execMain.c","length":250,"level":"error","line":"2063","message":"Error adding user: new row for relation \"users\" violates check constraint \"users_role_check\"","name":"error","routine":"ExecConstraints","schema":"public","severity":"ERROR","stack":"error: new row for relation \"users\" violates check constraint \"users_role_check\"\n    at /home/fariz/tmp/senior-engingeer-todo-feature/backend/node_modules/pg-pool/index.js:45:11\n    at processTicksAndRejections (node:internal/process/task_queues:105:5)","table":"users","timestamp":"2025-01-09T01:41:36.527Z"}
{"level":"info","message":"Executing query:","timestamp":"2025-01-09T01:42:04.411Z"}
{"level":"info","message":"Executing query:","timestamp":"2025-01-09T01:42:04.432Z"}
{"code":"23514","constraint":"users_role_check","detail":"Failing row contains (387, Updated User, Staff, null, 2025-01-09 08:42:04.368119).","file":"execMain.c","length":253,"level":"error","line":"2063","message":"Error updating user: new row for relation \"users\" violates check constraint \"users_role_check\"","name":"error","routine":"ExecConstraints","schema":"public","severity":"ERROR","stack":"error: new row for relation \"users\" violates check constraint \"users_role_check\"\n    at /home/fariz/tmp/senior-engingeer-todo-feature/backend/node_modules/pg-pool/index.js:45:11\n    at processTicksAndRejections (node:internal/process/task_queues:105:5)\n    at /home/fariz/tmp/senior-engingeer-todo-feature/backend/src/index.ts:553:20","table":"users","timestamp":"2025-01-09T01:42:04.479Z"}
{"created_at":"2025-01-09T01:42:04.520Z","id":440,"level":"info","message":"Patient created:","name":"Test Patient","timestamp":"2025-01-09T01:42:04.530Z"}
{"level":"info","message":"Executing query:","timestamp":"2025-01-09T01:42:04.558Z"}
{"level":"info","message":"Retrieving all tasks","timestamp":"2025-01-09T01:42:04.636Z"}
{"code":"42703","file":"parse_relation.c","length":108,"level":"error","line":"3722","message":"Error fetching resources: column \"url_link\" does not exist","name":"error","position":"28","routine":"errorMissingColumn","severity":"ERROR","stack":"error: column \"url_link\" does not exist\n    at /home/fariz/tmp/senior-engingeer-todo-feature/backend/node_modules/pg-pool/index.js:45:11\n    at processTicksAndRejections (node:internal/process/task_queues:105:5)\n    at /home/fariz/tmp/senior-engingeer-todo-feature/backend/src/index.ts:187:20","timestamp":"2025-01-09T01:42:04.685Z"}
{"level":"info","message":"deleting user with id: 387","timestamp":"2025-01-09T01:42:04.798Z"}
{"level":"info","message":"deleting user with id: 388","timestamp":"2025-01-09T01:42:04.812Z"}
{"level":"info","message":"Executing query:","timestamp":"2025-01-09T01:44:56.653Z"}
{"level":"info","message":"Executing query:","timestamp":"2025-01-09T01:44:56.674Z"}
{"code":"23514","constraint":"users_role_check","detail":"Failing row contains (389, Updated User, Staff, null, 2025-01-09 08:44:56.587235).","file":"execMain.c","length":253,"level":"error","line":"2063","message":"Error updating user: new row for relation \"users\" violates check constraint \"users_role_check\"","name":"error","routine":"ExecConstraints","schema":"public","severity":"ERROR","stack":"error: new row for relation \"users\" violates check constraint \"users_role_check\"\n    at /home/fariz/tmp/senior-engingeer-todo-feature/backend/node_modules/pg-pool/index.js:45:11\n    at processTicksAndRejections (node:internal/process/task_queues:105:5)\n    at /home/fariz/tmp/senior-engingeer-todo-feature/backend/src/index.ts:553:20","table":"users","timestamp":"2025-01-09T01:44:56.710Z"}
{"created_at":"2025-01-09T01:44:56.745Z","id":441,"level":"info","message":"Patient created:","name":"Test Patient","timestamp":"2025-01-09T01:44:56.755Z"}
{"level":"info","message":"Executing query:","timestamp":"2025-01-09T01:44:56.785Z"}
{"level":"info","message":"Retrieving all tasks","timestamp":"2025-01-09T01:44:56.868Z"}
{"code":"42703","file":"parse_relation.c","length":108,"level":"error","line":"3722","message":"Error fetching resources: column \"url_link\" does not exist","name":"error","position":"28","routine":"errorMissingColumn","severity":"ERROR","stack":"error: column \"url_link\" does not exist\n    at /home/fariz/tmp/senior-engingeer-todo-feature/backend/node_modules/pg-pool/index.js:45:11\n    at processTicksAndRejections (node:internal/process/task_queues:105:5)\n    at /home/fariz/tmp/senior-engingeer-todo-feature/backend/src/index.ts:187:20","timestamp":"2025-01-09T01:44:56.916Z"}
{"level":"info","message":"deleting user with id: 389","timestamp":"2025-01-09T01:44:57.032Z"}
{"level":"info","message":"deleting user with id: 390","timestamp":"2025-01-09T01:44:57.046Z"}
{"level":"info","message":"Executing query:","timestamp":"2025-01-09T01:45:23.474Z"}
{"level":"info","message":"Executing query:","timestamp":"2025-01-09T01:45:23.494Z"}
{"code":"23514","constraint":"users_role_check","detail":"Failing row contains (391, Updated User, Staff, null, 2025-01-09 08:45:23.420172).","file":"execMain.c","length":253,"level":"error","line":"2063","message":"Error updating user: new row for relation \"users\" violates check constraint \"users_role_check\"","name":"error","routine":"ExecConstraints","schema":"public","severity":"ERROR","stack":"error: new row for relation \"users\" violates check constraint \"users_role_check\"\n    at /home/fariz/tmp/senior-engingeer-todo-feature/backend/node_modules/pg-pool/index.js:45:11\n    at processTicksAndRejections (node:internal/process/task_queues:105:5)\n    at /home/fariz/tmp/senior-engingeer-todo-feature/backend/src/index.ts:553:20","table":"users","timestamp":"2025-01-09T01:45:23.537Z"}
{"created_at":"2025-01-09T01:45:23.573Z","id":442,"level":"info","message":"Patient created:","name":"Test Patient","timestamp":"2025-01-09T01:45:23.582Z"}
{"level":"info","message":"Executing query:","timestamp":"2025-01-09T01:45:23.599Z"}
{"level":"info","message":"Retrieving all tasks","timestamp":"2025-01-09T01:45:23.677Z"}
{"code":"42703","file":"parse_relation.c","length":108,"level":"error","line":"3722","message":"Error fetching resources: column \"url_link\" does not exist","name":"error","position":"28","routine":"errorMissingColumn","severity":"ERROR","stack":"error: column \"url_link\" does not exist\n    at /home/fariz/tmp/senior-engingeer-todo-feature/backend/node_modules/pg-pool/index.js:45:11\n    at processTicksAndRejections (node:internal/process/task_queues:105:5)\n    at /home/fariz/tmp/senior-engingeer-todo-feature/backend/src/index.ts:187:20","timestamp":"2025-01-09T01:45:23.721Z"}
{"level":"info","message":"deleting user with id: 391","timestamp":"2025-01-09T01:45:23.836Z"}
{"level":"info","message":"deleting user with id: 392","timestamp":"2025-01-09T01:45:23.851Z"}
{"level":"info","message":"Executing query:","timestamp":"2025-01-09T01:49:00.245Z"}
{"level":"info","message":"Executing query:","timestamp":"2025-01-09T01:49:00.275Z"}
{"code":"23514","constraint":"users_role_check","detail":"Failing row contains (393, Updated User, Staff, null, 2025-01-09 08:49:00.207926).","file":"execMain.c","length":253,"level":"error","line":"2063","message":"Error updating user: new row for relation \"users\" violates check constraint \"users_role_check\"","name":"error","routine":"ExecConstraints","schema":"public","severity":"ERROR","stack":"error: new row for relation \"users\" violates check constraint \"users_role_check\"\n    at /home/fariz/tmp/senior-engingeer-todo-feature/backend/node_modules/pg-pool/index.js:45:11\n    at processTicksAndRejections (node:internal/process/task_queues:105:5)\n    at /home/fariz/tmp/senior-engingeer-todo-feature/backend/src/index.ts:553:20","table":"users","timestamp":"2025-01-09T01:49:00.316Z"}
{"created_at":"2025-01-09T01:49:00.357Z","id":443,"level":"info","message":"Patient created:","name":"Test Patient","timestamp":"2025-01-09T01:49:00.360Z"}
{"level":"info","message":"Executing query:","timestamp":"2025-01-09T01:49:00.372Z"}
{"level":"info","message":"Retrieving all tasks","timestamp":"2025-01-09T01:49:00.438Z"}
{"code":"42703","file":"parse_relation.c","length":108,"level":"error","line":"3722","message":"Error fetching resources: column \"url_link\" does not exist","name":"error","position":"28","routine":"errorMissingColumn","severity":"ERROR","stack":"error: column \"url_link\" does not exist\n    at /home/fariz/tmp/senior-engingeer-todo-feature/backend/node_modules/pg-pool/index.js:45:11\n    at processTicksAndRejections (node:internal/process/task_queues:105:5)\n    at /home/fariz/tmp/senior-engingeer-todo-feature/backend/src/index.ts:187:20","timestamp":"2025-01-09T01:49:00.504Z"}
{"level":"info","message":"deleting user with id: 393","timestamp":"2025-01-09T01:49:00.689Z"}
{"level":"info","message":"deleting user with id: 394","timestamp":"2025-01-09T01:49:00.703Z"}
{"level":"info","message":"Executing query:","timestamp":"2025-01-09T01:49:58.449Z"}
{"level":"info","message":"Executing query:","timestamp":"2025-01-09T01:49:58.475Z"}
{"created_at":"2025-01-09T01:49:58.404Z","doctor_number":null,"id":395,"level":"info","message":"User with ID 395 successfully updated:","name":"Updated User","role":"Secretary","timestamp":"2025-01-09T01:49:58.503Z"}
{"created_at":"2025-01-09T01:49:58.517Z","id":444,"level":"info","message":"Patient created:","name":"Test Patient","timestamp":"2025-01-09T01:49:58.519Z"}
{"level":"info","message":"Executing query:","timestamp":"2025-01-09T01:49:58.537Z"}
{"level":"info","message":"Retrieving all tasks","timestamp":"2025-01-09T01:49:58.617Z"}
{"code":"42703","file":"parse_relation.c","length":108,"level":"error","line":"3722","message":"Error fetching resources: column \"url_link\" does not exist","name":"error","position":"28","routine":"errorMissingColumn","severity":"ERROR","stack":"error: column \"url_link\" does not exist\n    at /home/fariz/tmp/senior-engingeer-todo-feature/backend/node_modules/pg-pool/index.js:45:11\n    at processTicksAndRejections (node:internal/process/task_queues:105:5)\n    at /home/fariz/tmp/senior-engingeer-todo-feature/backend/src/index.ts:187:20","timestamp":"2025-01-09T01:49:58.690Z"}
{"level":"info","message":"deleting user with id: 395","timestamp":"2025-01-09T01:49:58.816Z"}
{"level":"info","message":"deleting user with id: 396","timestamp":"2025-01-09T01:49:58.833Z"}
{"level":"info","message":"Server is running on port 5000","timestamp":"2025-01-09T02:04:44.671Z"}
{"level":"info","message":"Retrieving all tasks","timestamp":"2025-01-09T02:05:48.807Z"}
{"code":"42703","file":"parse_relation.c","length":108,"level":"error","line":"3722","message":"Error fetching resources: column \"url_link\" does not exist","name":"error","position":"28","routine":"errorMissingColumn","severity":"ERROR","stack":"error: column \"url_link\" does not exist\n    at /home/fariz/tmp/senior-engingeer-todo-feature/backend/node_modules/pg-pool/index.js:45:11\n    at processTicksAndRejections (node:internal/process/task_queues:105:5)","timestamp":"2025-01-09T02:08:42.255Z"}
{"level":"info","message":"Server is running on port 5000","timestamp":"2025-01-09T02:09:02.710Z"}
{"code":"42703","file":"parse_relation.c","length":108,"level":"error","line":"3722","message":"Error fetching resources: column \"url_link\" does not exist","name":"error","position":"28","routine":"errorMissingColumn","severity":"ERROR","stack":"error: column \"url_link\" does not exist\n    at /home/fariz/tmp/senior-engingeer-todo-feature/backend/node_modules/pg-pool/index.js:45:11\n    at processTicksAndRejections (node:internal/process/task_queues:105:5)","timestamp":"2025-01-09T02:09:04.127Z"}
{"level":"info","message":"Server is running on port 5000","timestamp":"2025-01-09T02:10:18.120Z"}
{"code":"42703","file":"parse_relation.c","length":108,"level":"error","line":"3722","message":"Error fetching resources GET RESOURCES: column \"url_link\" does not exist","name":"error","position":"28","routine":"errorMissingColumn","severity":"ERROR","stack":"error: column \"url_link\" does not exist\n    at /home/fariz/tmp/senior-engingeer-todo-feature/backend/node_modules/pg-pool/index.js:45:11\n    at processTicksAndRejections (node:internal/process/task_queues:105:5)","timestamp":"2025-01-09T02:10:20.107Z"}
{"level":"info","message":"Server is running on port 5000","timestamp":"2025-01-09T02:10:46.172Z"}
{"level":"info","message":"Server is running on port 5000","timestamp":"2025-01-09T02:10:52.690Z"}
{"level":"info","message":"Fetching resources for task with ID 80","timestamp":"2025-01-09T02:10:54.708Z"}
{"level":"info","message":"Executing query:","timestamp":"2025-01-09T02:10:54.709Z"}
{"code":"42703","file":"parse_relation.c","length":108,"level":"error","line":"3722","message":"Error fetching resources GET RESOURCES: column \"url_link\" does not exist","name":"error","position":"28","routine":"errorMissingColumn","severity":"ERROR","stack":"error: column \"url_link\" does not exist\n    at /home/fariz/tmp/senior-engingeer-todo-feature/backend/node_modules/pg-pool/index.js:45:11\n    at processTicksAndRejections (node:internal/process/task_queues:105:5)","timestamp":"2025-01-09T02:10:54.733Z"}
{"level":"info","message":"Server is running on port 5000","timestamp":"2025-01-09T02:11:27.467Z"}
{"level":"info","message":"Fetching resources for task with ID 80","timestamp":"2025-01-09T02:11:29.612Z"}
{"level":"info","message":"Executing query:","timestamp":"2025-01-09T02:11:29.615Z"}
{"code":"42703","file":"parse_relation.c","length":108,"level":"error","line":"3722","message":"Error fetching resources GET RESOURCES: column \"url_link\" does not exist","name":"error","position":"28","routine":"errorMissingColumn","severity":"ERROR","stack":"error: column \"url_link\" does not exist\n    at /home/fariz/tmp/senior-engingeer-todo-feature/backend/node_modules/pg-pool/index.js:45:11\n    at processTicksAndRejections (node:internal/process/task_queues:105:5)","timestamp":"2025-01-09T02:11:29.657Z"}
{"level":"info","message":"Server is running on port 5000","timestamp":"2025-01-09T02:11:56.488Z"}
{"level":"info","message":"Server is running on port 5000","timestamp":"2025-01-09T02:12:01.886Z"}
{"level":"info","message":"Fetching resources for task with ID 80","timestamp":"2025-01-09T02:12:03.705Z"}
{"level":"info","message":"Executing query: \n      SELECT id, todo_id, url_link\n      FROM resources\n      WHERE todo_id = $1\n      ORDER BY id ASC\n    ","timestamp":"2025-01-09T02:12:03.706Z"}
{"code":"42703","file":"parse_relation.c","length":108,"level":"error","line":"3722","message":"Error fetching resources GET RESOURCES: column \"url_link\" does not exist","name":"error","position":"28","routine":"errorMissingColumn","severity":"ERROR","stack":"error: column \"url_link\" does not exist\n    at /home/fariz/tmp/senior-engingeer-todo-feature/backend/node_modules/pg-pool/index.js:45:11\n    at processTicksAndRejections (node:internal/process/task_queues:105:5)","timestamp":"2025-01-09T02:12:03.732Z"}
{"level":"info","message":"Server is running on port 5000","timestamp":"2025-01-09T02:12:28.223Z"}
{"level":"info","message":"Fetching resources for task with ID 80","timestamp":"2025-01-09T02:12:28.556Z"}
{"level":"info","message":"Executing query: 80","timestamp":"2025-01-09T02:12:28.557Z"}
{"code":"42703","file":"parse_relation.c","length":108,"level":"error","line":"3722","message":"Error fetching resources GET RESOURCES: column \"url_link\" does not exist","name":"error","position":"28","routine":"errorMissingColumn","severity":"ERROR","stack":"error: column \"url_link\" does not exist\n    at /home/fariz/tmp/senior-engingeer-todo-feature/backend/node_modules/pg-pool/index.js:45:11\n    at processTicksAndRejections (node:internal/process/task_queues:105:5)","timestamp":"2025-01-09T02:12:28.598Z"}
{"level":"info","message":"Fetching resources for task with ID 80","timestamp":"2025-01-09T02:12:50.320Z"}
{"level":"info","message":"Executing query: 80","timestamp":"2025-01-09T02:12:50.321Z"}
{"code":"42703","file":"parse_relation.c","length":108,"level":"error","line":"3722","message":"Error fetching resources GET RESOURCES: column \"url_link\" does not exist","name":"error","position":"28","routine":"errorMissingColumn","severity":"ERROR","stack":"error: column \"url_link\" does not exist\n    at /home/fariz/tmp/senior-engingeer-todo-feature/backend/node_modules/pg-pool/index.js:45:11\n    at processTicksAndRejections (node:internal/process/task_queues:105:5)","timestamp":"2025-01-09T02:12:50.332Z"}
{"level":"info","message":"Fetching resources for task with ID 80","timestamp":"2025-01-09T02:12:57.382Z"}
{"level":"info","message":"Executing query: 80","timestamp":"2025-01-09T02:12:57.383Z"}
{"code":"42703","file":"parse_relation.c","length":108,"level":"error","line":"3722","message":"Error fetching resources GET RESOURCES: column \"url_link\" does not exist","name":"error","position":"28","routine":"errorMissingColumn","severity":"ERROR","stack":"error: column \"url_link\" does not exist\n    at /home/fariz/tmp/senior-engingeer-todo-feature/backend/node_modules/pg-pool/index.js:45:11\n    at processTicksAndRejections (node:internal/process/task_queues:105:5)","timestamp":"2025-01-09T02:12:57.407Z"}
{"level":"info","message":"Fetching resources for task with ID 20","timestamp":"2025-01-09T02:13:02.619Z"}
{"level":"info","message":"Executing query: 20","timestamp":"2025-01-09T02:13:02.619Z"}
{"code":"42703","file":"parse_relation.c","length":108,"level":"error","line":"3722","message":"Error fetching resources GET RESOURCES: column \"url_link\" does not exist","name":"error","position":"28","routine":"errorMissingColumn","severity":"ERROR","stack":"error: column \"url_link\" does not exist\n    at /home/fariz/tmp/senior-engingeer-todo-feature/backend/node_modules/pg-pool/index.js:45:11\n    at processTicksAndRejections (node:internal/process/task_queues:105:5)","timestamp":"2025-01-09T02:13:02.638Z"}
{"level":"info","message":"Server is running on port 5000","timestamp":"2025-01-09T02:34:05.198Z"}
{"level":"info","message":"Server is running on port 5000","timestamp":"2025-01-09T02:36:07.050Z"}
{"level":"info","message":"Executing query:","timestamp":"2025-01-09T02:36:26.284Z"}
{"level":"info","message":"Executing query:","timestamp":"2025-01-09T02:36:26.327Z"}
{"created_at":"2025-01-09T02:36:26.147Z","doctor_number":null,"id":397,"level":"info","message":"User with ID 397 successfully updated:","name":"Updated User","role":"Secretary","timestamp":"2025-01-09T02:36:26.395Z"}
{"created_at":"2025-01-09T02:36:26.413Z","id":445,"level":"info","message":"Patient created:","name":"Test Patient","timestamp":"2025-01-09T02:36:26.424Z"}
{"level":"info","message":"Executing query:","timestamp":"2025-01-09T02:36:26.450Z"}
{"level":"info","message":"Retrieving all tasks","timestamp":"2025-01-09T02:36:26.914Z"}
{"level":"info","message":"Fetching resources for task with ID 81","timestamp":"2025-01-09T02:36:27.220Z"}
{"level":"info","message":"Executing query: 81","timestamp":"2025-01-09T02:36:27.230Z"}
{"level":"info","message":"deleting user with id: 397","timestamp":"2025-01-09T02:36:27.556Z"}
{"level":"info","message":"deleting user with id: 398","timestamp":"2025-01-09T02:36:27.627Z"}
